2024-06-28 17:14:05.169 | INFO     | ytauto.conftest:pytest_configure:133 - 添加执行设备数据
2024-06-28 17:14:05.251 | INFO     | ytauto.conftest:pytest_sessionstart:124 - 开始清理日志文件
2024-06-28 17:14:05.254 | INFO     | ytauto.conftest:pytest_sessionstart:126 - 删除错误截图
2024-06-28 17:14:05.294 | INFO     | ytauto.conftest:init_base:170 - chrome地址：http://localhost:9527
2024-06-28 17:14:05.294 | INFO     | ytauto.conftest:init_base:197 - 开始连接chrome浏览器
2024-06-28 17:14:06.651 | INFO     | ytauto.testcases.test_run_script:test_search_youtube_live:150 - 进入youtube地址
2024-06-28 17:14:11.282 | INFO     | ytauto.testcases.test_run_script:test_search_youtube_live:154 - 点击登录按钮，跳转Google登录
2024-06-28 17:14:12.032 | INFO     | ytauto.testcases.test_run_script:test_search_youtube_live:158 - 输入邮箱账号：gregornicole108@gmail.com
2024-06-28 17:14:12.525 | INFO     | ytauto.testcases.test_run_script:test_search_youtube_live:165 - 输入密码：pC1kofLntJnw
2024-06-28 17:14:23.795 | SUCCESS  | ytauto.features.login_youtube:checker_loop:15 - 登录成功
2024-06-28 17:14:23.795 | INFO     | ytauto.testcases.test_run_script:temp_search_live:14 - 搜索直播：BTC
2024-06-28 17:14:27.298 | INFO     | ytauto.testcases.test_run_script:temp_filter_types:24 - 过滤类型：Today
2024-06-28 17:14:28.450 | INFO     | ytauto.testcases.test_run_script:temp_filter_types:24 - 过滤类型：Rating
2024-06-28 17:14:32.185 | INFO     | ytauto.testcases.test_run_script:temp_filter_need_live:72 - 查找账号：adb123454
2024-06-28 17:14:32.572 | INFO     | ytauto.testcases.test_run_script:temp_check_is_page_end:89 - tag数据：<Locator frame=<Frame name= url='https://www.youtube.com/results?search_query=BTC&sp=CAESBggCEAFAAQ%253D%253D'> selector='ytd-item-section-renderer >> nth=0 >> xpath=//div[@id="contents"]/* >> nth=0'>
2024-06-28 17:14:32.610 | INFO     | ytauto.testcases.test_run_script:temp_check_is_page_end:91 - 获取到子标签名称：YTD-AD-SLOT-RENDERER
2024-06-28 17:14:34.692 | INFO     | ytauto.testcases.test_run_script:temp_filter_need_live:72 - 查找账号：adb123454
2024-06-28 17:14:34.909 | INFO     | ytauto.testcases.test_run_script:temp_check_is_page_end:89 - tag数据：<Locator frame=<Frame name= url='https://www.youtube.com/results?search_query=BTC&sp=CAESBggCEAFAAQ%253D%253D'> selector='ytd-item-section-renderer >> nth=1 >> xpath=//div[@id="contents"]/* >> nth=0'>
2024-06-28 17:14:34.940 | INFO     | ytauto.testcases.test_run_script:temp_check_is_page_end:91 - 获取到子标签名称：YTD-VIDEO-RENDERER
2024-06-28 17:14:36.997 | INFO     | ytauto.testcases.test_run_script:temp_filter_need_live:72 - 查找账号：adb123454
2024-06-28 17:14:36.998 | INFO     | ytauto.testcases.test_run_script:temp_check_is_page_end:89 - tag数据：<Locator frame=<Frame name= url='https://www.youtube.com/results?search_query=BTC&sp=CAESBggCEAFAAQ%253D%253D'> selector='ytd-item-section-renderer >> nth=2 >> xpath=//div[@id="contents"]/* >> nth=0'>
2024-06-28 17:14:37.032 | INFO     | ytauto.testcases.test_run_script:temp_check_is_page_end:91 - 获取到子标签名称：YTD-MESSAGE-RENDERER
2024-06-28 17:14:37.032 | INFO     | ytauto.testcases.test_run_script:temp_check_is_page_end:93 - 已翻阅至最底部
2024-06-28 17:14:37.033 | INFO     | ytauto.testcases.test_run_script:temp_scroll_to_end:121 - 已查找 3 页
2024-06-28 17:14:37.033 | INFO     | ytauto.testcases.test_run_script:temp_search_live:14 - 搜索直播：BTC
2024-06-28 17:14:41.108 | INFO     | ytauto.testcases.test_run_script:temp_filter_types:24 - 过滤类型：Today
2024-06-28 17:14:42.247 | INFO     | ytauto.testcases.test_run_script:temp_filter_types:24 - 过滤类型：Rating
2024-06-28 17:14:46.054 | INFO     | ytauto.testcases.test_run_script:temp_filter_need_live:72 - 查找账号：adb123454
2024-06-28 17:14:46.513 | INFO     | ytauto.testcases.test_run_script:temp_check_is_page_end:89 - tag数据：<Locator frame=<Frame name= url='https://www.youtube.com/results?search_query=BTC&sp=CAESBggCEAFAAQ%253D%253D'> selector='ytd-item-section-renderer >> nth=0 >> xpath=//div[@id="contents"]/* >> nth=0'>
2024-06-28 17:14:46.566 | INFO     | ytauto.testcases.test_run_script:temp_check_is_page_end:91 - 获取到子标签名称：YTD-AD-SLOT-RENDERER
2024-06-28 17:14:48.704 | INFO     | ytauto.testcases.test_run_script:temp_filter_need_live:72 - 查找账号：adb123454
2024-06-28 17:14:49.066 | INFO     | ytauto.testcases.test_run_script:temp_check_is_page_end:89 - tag数据：<Locator frame=<Frame name= url='https://www.youtube.com/results?search_query=BTC&sp=CAESBggCEAFAAQ%253D%253D'> selector='ytd-item-section-renderer >> nth=1 >> xpath=//div[@id="contents"]/* >> nth=0'>
2024-06-28 17:14:49.107 | INFO     | ytauto.testcases.test_run_script:temp_check_is_page_end:91 - 获取到子标签名称：YTD-VIDEO-RENDERER
2024-06-28 17:14:51.191 | INFO     | ytauto.testcases.test_run_script:temp_filter_need_live:72 - 查找账号：adb123454
2024-06-28 17:14:51.192 | INFO     | ytauto.testcases.test_run_script:temp_check_is_page_end:89 - tag数据：<Locator frame=<Frame name= url='https://www.youtube.com/results?search_query=BTC&sp=CAESBggCEAFAAQ%253D%253D'> selector='ytd-item-section-renderer >> nth=2 >> xpath=//div[@id="contents"]/* >> nth=0'>
2024-06-28 17:14:51.261 | INFO     | ytauto.testcases.test_run_script:temp_check_is_page_end:91 - 获取到子标签名称：YTD-MESSAGE-RENDERER
2024-06-28 17:14:51.262 | INFO     | ytauto.testcases.test_run_script:temp_check_is_page_end:93 - 已翻阅至最底部
2024-06-28 17:14:51.262 | INFO     | ytauto.testcases.test_run_script:temp_scroll_to_end:121 - 已查找 3 页
