2024-06-28 17:08:38.223 | INFO     | ytauto.conftest:pytest_configure:133 - 添加执行设备数据
2024-06-28 17:08:38.311 | INFO     | ytauto.conftest:pytest_sessionstart:124 - 开始清理日志文件
2024-06-28 17:08:38.313 | INFO     | ytauto.conftest:pytest_sessionstart:126 - 删除错误截图
2024-06-28 17:08:38.353 | INFO     | ytauto.conftest:init_base:170 - chrome地址：http://localhost:9527
2024-06-28 17:08:38.353 | INFO     | ytauto.conftest:init_base:197 - 开始连接chrome浏览器
2024-06-28 17:08:39.787 | INFO     | ytauto.testcases.test_run_script:test_search_youtube_live:150 - 进入youtube地址
2024-06-28 17:08:45.455 | INFO     | ytauto.testcases.test_run_script:test_search_youtube_live:154 - 点击登录按钮，跳转Google登录
2024-06-28 17:08:46.118 | INFO     | ytauto.testcases.test_run_script:test_search_youtube_live:158 - 输入邮箱账号：gregornicole108@gmail.com
2024-06-28 17:08:46.921 | INFO     | ytauto.testcases.test_run_script:test_search_youtube_live:165 - 输入密码：pC1kofLntJnw
2024-06-28 17:08:55.002 | SUCCESS  | ytauto.features.login_youtube:checker_loop:15 - 登录成功
2024-06-28 17:08:55.002 | INFO     | ytauto.testcases.test_run_script:temp_search_live:14 - 搜索直播：BTC
2024-06-28 17:08:56.898 | INFO     | ytauto.testcases.test_run_script:temp_filter_types:24 - 过滤类型：Today
2024-06-28 17:08:58.836 | INFO     | ytauto.testcases.test_run_script:temp_filter_types:24 - 过滤类型：Rating
2024-06-28 17:09:02.764 | INFO     | ytauto.testcases.test_run_script:temp_filter_need_live:72 - 查找账号：adb123454
2024-06-28 17:09:03.067 | INFO     | ytauto.testcases.test_run_script:temp_check_is_page_end:89 - tag数据：<Locator frame=<Frame name= url='https://www.youtube.com/results?search_query=BTC&sp=CAESBggCEAFAAQ%253D%253D'> selector='ytd-item-section-renderer >> nth=0 >> xpath=//div[@id="contents"]/* >> nth=0'>
2024-06-28 17:09:03.099 | INFO     | ytauto.testcases.test_run_script:temp_check_is_page_end:91 - 获取到子标签名称：YTD-AD-SLOT-RENDERER
2024-06-28 17:09:05.167 | INFO     | ytauto.testcases.test_run_script:temp_filter_need_live:72 - 查找账号：adb123454
2024-06-28 17:09:05.365 | INFO     | ytauto.testcases.test_run_script:temp_check_is_page_end:89 - tag数据：<Locator frame=<Frame name= url='https://www.youtube.com/results?search_query=BTC&sp=CAESBggCEAFAAQ%253D%253D'> selector='ytd-item-section-renderer >> nth=1 >> xpath=//div[@id="contents"]/* >> nth=0'>
2024-06-28 17:09:05.393 | INFO     | ytauto.testcases.test_run_script:temp_check_is_page_end:91 - 获取到子标签名称：YTD-VIDEO-RENDERER
2024-06-28 17:09:07.457 | INFO     | ytauto.testcases.test_run_script:temp_filter_need_live:72 - 查找账号：adb123454
2024-06-28 17:09:07.457 | INFO     | ytauto.testcases.test_run_script:temp_check_is_page_end:89 - tag数据：<Locator frame=<Frame name= url='https://www.youtube.com/results?search_query=BTC&sp=CAESBggCEAFAAQ%253D%253D'> selector='ytd-item-section-renderer >> nth=2 >> xpath=//div[@id="contents"]/* >> nth=0'>
2024-06-28 17:09:07.490 | INFO     | ytauto.testcases.test_run_script:temp_check_is_page_end:91 - 获取到子标签名称：YTD-MESSAGE-RENDERER
2024-06-28 17:09:09.550 | INFO     | ytauto.testcases.test_run_script:temp_filter_need_live:72 - 查找账号：adb123454
2024-06-28 17:09:09.550 | INFO     | ytauto.testcases.test_run_script:temp_check_is_page_end:89 - tag数据：<Locator frame=<Frame name= url='https://www.youtube.com/results?search_query=BTC&sp=CAESBggCEAFAAQ%253D%253D'> selector='ytd-item-section-renderer >> nth=3 >> xpath=//div[@id="contents"]/* >> nth=0'>
